Flow report for Memory_game
Fri Oct 10 05:16:28 2025
Quartus Prime Version 20.1.1 Build 720 11/11/2020 SJ Lite Edition


---------------------
; Table of Contents ;
---------------------
  1. Legal Notice
  2. Flow Summary
  3. Flow Settings
  4. Flow Non-Default Global Settings
  5. Flow Elapsed Time
  6. Flow OS Summary
  7. Flow Log
  8. Flow Messages
  9. Flow Suppressed Messages



----------------
; Legal Notice ;
----------------
Copyright (C) 2020  Intel Corporation. All rights reserved.
Your use of Intel Corporation's design tools, logic functions 
and other software and tools, and any partner logic 
functions, and any output files from any of the foregoing 
(including device programming or simulation files), and any 
associated documentation or information are expressly subject 
to the terms and conditions of the Intel Program License 
Subscription Agreement, the Intel Quartus Prime License Agreement,
the Intel FPGA IP License Agreement, or other applicable license
agreement, including, without limitation, that your use is for
the sole purpose of programming logic devices manufactured by
Intel and sold by Intel or its authorized distributors.  Please
refer to the applicable agreement for further details, at
https://fpgasoftware.intel.com/eula.



+-------------------------------------------------------------------------------+
; Flow Summary                                                                  ;
+---------------------------------+---------------------------------------------+
; Flow Status                     ; Successful - Fri Oct 10 05:16:28 2025       ;
; Quartus Prime Version           ; 20.1.1 Build 720 11/11/2020 SJ Lite Edition ;
; Revision Name                   ; Memory_game                                 ;
; Top-level Entity Name           ; Top_Level_Memory                            ;
; Family                          ; Cyclone V                                   ;
; Device                          ; 5CSXFC6D6F31C6                              ;
; Timing Models                   ; Final                                       ;
; Logic utilization (in ALMs)     ; 16,415 / 41,910 ( 39 % )                    ;
; Total registers                 ; 525                                         ;
; Total pins                      ; 66 / 499 ( 13 % )                           ;
; Total virtual pins              ; 0                                           ;
; Total block memory bits         ; 0 / 5,662,720 ( 0 % )                       ;
; Total DSP Blocks                ; 112 / 112 ( 100 % )                         ;
; Total HSSI RX PCSs              ; 0 / 9 ( 0 % )                               ;
; Total HSSI PMA RX Deserializers ; 0 / 9 ( 0 % )                               ;
; Total HSSI TX PCSs              ; 0 / 9 ( 0 % )                               ;
; Total HSSI PMA TX Serializers   ; 0 / 9 ( 0 % )                               ;
; Total PLLs                      ; 0 / 15 ( 0 % )                              ;
; Total DLLs                      ; 0 / 4 ( 0 % )                               ;
+---------------------------------+---------------------------------------------+


+-----------------------------------------+
; Flow Settings                           ;
+-------------------+---------------------+
; Option            ; Setting             ;
+-------------------+---------------------+
; Start date & time ; 10/10/2025 05:08:45 ;
; Main task         ; Compilation         ;
; Revision Name     ; Memory_game         ;
+-------------------+---------------------+


+------------------------------------------------------------------------------------------------------------------------------------------------------+
; Flow Non-Default Global Settings                                                                                                                     ;
+--------------------------------------+----------------------------------------+---------------+------------------+-----------------------------------+
; Assignment Name                      ; Value                                  ; Default Value ; Entity Name      ; Section Id                        ;
+--------------------------------------+----------------------------------------+---------------+------------------+-----------------------------------+
; COMPILER_SIGNATURE_ID                ; 237785193706138.176009452526948        ; --            ; --               ; --                                ;
; EDA_DESIGN_INSTANCE_NAME             ; NA                                     ; --            ; --               ; FSM_tb                            ;
; EDA_DESIGN_INSTANCE_NAME             ; NA                                     ; --            ; --               ; tb_Top_Level_Memory_realistic     ;
; EDA_GENERATE_FUNCTIONAL_NETLIST      ; Off                                    ; --            ; --               ; eda_board_design_timing           ;
; EDA_GENERATE_FUNCTIONAL_NETLIST      ; Off                                    ; --            ; --               ; eda_board_design_boundary_scan    ;
; EDA_GENERATE_FUNCTIONAL_NETLIST      ; Off                                    ; --            ; --               ; eda_board_design_signal_integrity ;
; EDA_GENERATE_FUNCTIONAL_NETLIST      ; Off                                    ; --            ; --               ; eda_board_design_symbol           ;
; EDA_NATIVELINK_SIMULATION_TEST_BENCH ; tb_Top_Level_Memory_realistic          ; --            ; --               ; eda_simulation                    ;
; EDA_OUTPUT_DATA_FORMAT               ; Systemverilog Hdl                      ; --            ; --               ; eda_simulation                    ;
; EDA_SIMULATION_TOOL                  ; ModelSim-Altera (SystemVerilog)        ; <None>        ; --               ; --                                ;
; EDA_TEST_BENCH_ENABLE_STATUS         ; TEST_BENCH_MODE                        ; --            ; --               ; eda_simulation                    ;
; EDA_TEST_BENCH_FILE                  ; FSM_tb.sv                              ; --            ; --               ; FSM_tb                            ;
; EDA_TEST_BENCH_FILE                  ; tb_Top_Level_Memory_realistic.sv       ; --            ; --               ; tb_Top_Level_Memory_realistic     ;
; EDA_TEST_BENCH_MODULE_NAME           ; FSM_tb                                 ; --            ; --               ; FSM_tb                            ;
; EDA_TEST_BENCH_MODULE_NAME           ; tb_Top_Level_Memory_realistic          ; --            ; --               ; tb_Top_Level_Memory_realistic     ;
; EDA_TEST_BENCH_NAME                  ; FSM_tb                                 ; --            ; --               ; eda_simulation                    ;
; EDA_TEST_BENCH_NAME                  ; tb_Top_Level_Memory_realistic          ; --            ; --               ; eda_simulation                    ;
; EDA_TIME_SCALE                       ; 1 ps                                   ; --            ; --               ; eda_simulation                    ;
; MAX_CORE_JUNCTION_TEMP               ; 85                                     ; --            ; --               ; --                                ;
; MIN_CORE_JUNCTION_TEMP               ; 0                                      ; --            ; --               ; --                                ;
; PARTITION_COLOR                      ; -- (Not supported for targeted family) ; --            ; Top_Level_Memory ; Top                               ;
; PARTITION_FITTER_PRESERVATION_LEVEL  ; -- (Not supported for targeted family) ; --            ; Top_Level_Memory ; Top                               ;
; PARTITION_NETLIST_TYPE               ; -- (Not supported for targeted family) ; --            ; Top_Level_Memory ; Top                               ;
; POWER_BOARD_THERMAL_MODEL            ; None (CONSERVATIVE)                    ; --            ; --               ; --                                ;
; POWER_PRESET_COOLING_SOLUTION        ; 23 MM HEAT SINK WITH 200 LFPM AIRFLOW  ; --            ; --               ; --                                ;
; PROJECT_OUTPUT_DIRECTORY             ; output_files                           ; --            ; --               ; --                                ;
; TOP_LEVEL_ENTITY                     ; Top_Level_Memory                       ; Memory_game   ; --               ; --                                ;
+--------------------------------------+----------------------------------------+---------------+------------------+-----------------------------------+


+--------------------------------------------------------------------------------------------------------------------------+
; Flow Elapsed Time                                                                                                        ;
+----------------------+--------------+-------------------------+---------------------+------------------------------------+
; Module Name          ; Elapsed Time ; Average Processors Used ; Peak Virtual Memory ; Total CPU Time (on all processors) ;
+----------------------+--------------+-------------------------+---------------------+------------------------------------+
; Analysis & Synthesis ; 00:00:58     ; 1.0                     ; 5206 MB             ; 00:01:07                           ;
; Fitter               ; 00:05:11     ; 1.3                     ; 7657 MB             ; 00:26:10                           ;
; Assembler            ; 00:00:37     ; 1.0                     ; 5071 MB             ; 00:00:16                           ;
; Timing Analyzer      ; 00:00:27     ; 4.5                     ; 5591 MB             ; 00:01:30                           ;
; EDA Netlist Writer   ; 00:00:06     ; 1.0                     ; 4962 MB             ; 00:00:06                           ;
; Total                ; 00:07:19     ; --                      ; --                  ; 00:29:09                           ;
+----------------------+--------------+-------------------------+---------------------+------------------------------------+


+------------------------------------------------------------------------------------+
; Flow OS Summary                                                                    ;
+----------------------+------------------+------------+------------+----------------+
; Module Name          ; Machine Hostname ; OS Name    ; OS Version ; Processor type ;
+----------------------+------------------+------------+------------+----------------+
; Analysis & Synthesis ; MaariGonzalezz   ; Windows 10 ; 10.0       ; x86_64         ;
; Fitter               ; MaariGonzalezz   ; Windows 10 ; 10.0       ; x86_64         ;
; Assembler            ; MaariGonzalezz   ; Windows 10 ; 10.0       ; x86_64         ;
; Timing Analyzer      ; MaariGonzalezz   ; Windows 10 ; 10.0       ; x86_64         ;
; EDA Netlist Writer   ; MaariGonzalezz   ; Windows 10 ; 10.0       ; x86_64         ;
+----------------------+------------------+------------+------------+----------------+


------------
; Flow Log ;
------------
quartus_map --read_settings_files=on --write_settings_files=off Memory_game -c Memory_game
quartus_fit --read_settings_files=off --write_settings_files=off Memory_game -c Memory_game
quartus_asm --read_settings_files=off --write_settings_files=off Memory_game -c Memory_game
quartus_sta Memory_game -c Memory_game
quartus_eda --read_settings_files=off --write_settings_files=off Memory_game -c Memory_game



