Analysis & Synthesis report for Memoria
Tue Sep 30 23:37:57 2025
Quartus Prime Version 20.1.1 Build 720 11/11/2020 SJ Lite Edition


---------------------
; Table of Contents ;
---------------------
  1. Legal Notice
  2. Analysis & Synthesis Summary
  3. Analysis & Synthesis Settings
  4. Parallel Compilation
  5. Analysis & Synthesis Source Files Read
  6. Analysis & Synthesis Resource Usage Summary
  7. Analysis & Synthesis Resource Utilization by Entity
  8. General Register Statistics
  9. Parameter Settings for User Entity Instance: vgaController:vgaCont
 10. Port Connectivity Checks: "videoGen:videoGen|carta:cartaC2"
 11. Port Connectivity Checks: "videoGen:videoGen|carta:cartaC1"
 12. Port Connectivity Checks: "videoGen:videoGen|carta:cartaB2"
 13. Port Connectivity Checks: "videoGen:videoGen|carta:cartaB1"
 14. Port Connectivity Checks: "videoGen:videoGen|carta:cartaA2"
 15. Port Connectivity Checks: "videoGen:videoGen|carta:cartaA1|cros_symbol:cros_inst"
 16. Port Connectivity Checks: "videoGen:videoGen|carta:cartaA1|minus_symbol:minus_inst"
 17. Port Connectivity Checks: "videoGen:videoGen|carta:cartaA1|plus_symbol:plus_inst"
 18. Port Connectivity Checks: "videoGen:videoGen|carta:cartaA1"
 19. Post-Synthesis Netlist Statistics for Top Partition
 20. Elapsed Time Per Partition
 21. Analysis & Synthesis Messages



----------------
; Legal Notice ;
----------------
Copyright (C) 2020  Intel Corporation. All rights reserved.
Your use of Intel Corporation's design tools, logic functions 
and other software and tools, and any partner logic 
functions, and any output files from any of the foregoing 
(including device programming or simulation files), and any 
associated documentation or information are expressly subject 
to the terms and conditions of the Intel Program License 
Subscription Agreement, the Intel Quartus Prime License Agreement,
the Intel FPGA IP License Agreement, or other applicable license
agreement, including, without limitation, that your use is for
the sole purpose of programming logic devices manufactured by
Intel and sold by Intel or its authorized distributors.  Please
refer to the applicable agreement for further details, at
https://fpgasoftware.intel.com/eula.



+-------------------------------------------------------------------------------+
; Analysis & Synthesis Summary                                                  ;
+---------------------------------+---------------------------------------------+
; Analysis & Synthesis Status     ; Successful - Tue Sep 30 23:37:57 2025       ;
; Quartus Prime Version           ; 20.1.1 Build 720 11/11/2020 SJ Lite Edition ;
; Revision Name                   ; Memoria                                     ;
; Top-level Entity Name           ; vga                                         ;
; Family                          ; Cyclone V                                   ;
; Logic utilization (in ALMs)     ; N/A                                         ;
; Total registers                 ; 21                                          ;
; Total pins                      ; 31                                          ;
; Total virtual pins              ; 0                                           ;
; Total block memory bits         ; 0                                           ;
; Total DSP Blocks                ; 0                                           ;
; Total HSSI RX PCSs              ; 0                                           ;
; Total HSSI PMA RX Deserializers ; 0                                           ;
; Total HSSI TX PCSs              ; 0                                           ;
; Total HSSI PMA TX Serializers   ; 0                                           ;
; Total PLLs                      ; 0                                           ;
; Total DLLs                      ; 0                                           ;
+---------------------------------+---------------------------------------------+


+---------------------------------------------------------------------------------------------------------------------------+
; Analysis & Synthesis Settings                                                                                             ;
+---------------------------------------------------------------------------------+--------------------+--------------------+
; Option                                                                          ; Setting            ; Default Value      ;
+---------------------------------------------------------------------------------+--------------------+--------------------+
; Device                                                                          ; 5CSXFC6D6F31C6     ;                    ;
; Top-level entity name                                                           ; vga                ; Memoria            ;
; Family name                                                                     ; Cyclone V          ; Cyclone V          ;
; Use smart compilation                                                           ; Off                ; Off                ;
; Enable parallel Assembler and Timing Analyzer during compilation                ; On                 ; On                 ;
; Enable compact report table                                                     ; Off                ; Off                ;
; Restructure Multiplexers                                                        ; Auto               ; Auto               ;
; MLAB Add Timing Constraints For Mixed-Port Feed-Through Mode Setting Don't Care ; Off                ; Off                ;
; Create Debugging Nodes for IP Cores                                             ; Off                ; Off                ;
; Preserve fewer node names                                                       ; On                 ; On                 ;
; Intel FPGA IP Evaluation Mode                                                   ; Enable             ; Enable             ;
; Verilog Version                                                                 ; Verilog_2001       ; Verilog_2001       ;
; VHDL Version                                                                    ; VHDL_1993          ; VHDL_1993          ;
; State Machine Processing                                                        ; Auto               ; Auto               ;
; Safe State Machine                                                              ; Off                ; Off                ;
; Extract Verilog State Machines                                                  ; On                 ; On                 ;
; Extract VHDL State Machines                                                     ; On                 ; On                 ;
; Ignore Verilog initial constructs                                               ; Off                ; Off                ;
; Iteration limit for constant Verilog loops                                      ; 5000               ; 5000               ;
; Iteration limit for non-constant Verilog loops                                  ; 250                ; 250                ;
; Add Pass-Through Logic to Inferred RAMs                                         ; On                 ; On                 ;
; Infer RAMs from Raw Logic                                                       ; On                 ; On                 ;
; Parallel Synthesis                                                              ; On                 ; On                 ;
; DSP Block Balancing                                                             ; Auto               ; Auto               ;
; NOT Gate Push-Back                                                              ; On                 ; On                 ;
; Power-Up Don't Care                                                             ; On                 ; On                 ;
; Remove Redundant Logic Cells                                                    ; Off                ; Off                ;
; Remove Duplicate Registers                                                      ; On                 ; On                 ;
; Ignore CARRY Buffers                                                            ; Off                ; Off                ;
; Ignore CASCADE Buffers                                                          ; Off                ; Off                ;
; Ignore GLOBAL Buffers                                                           ; Off                ; Off                ;
; Ignore ROW GLOBAL Buffers                                                       ; Off                ; Off                ;
; Ignore LCELL Buffers                                                            ; Off                ; Off                ;
; Ignore SOFT Buffers                                                             ; On                 ; On                 ;
; Limit AHDL Integers to 32 Bits                                                  ; Off                ; Off                ;
; Optimization Technique                                                          ; Balanced           ; Balanced           ;
; Carry Chain Length                                                              ; 70                 ; 70                 ;
; Auto Carry Chains                                                               ; On                 ; On                 ;
; Auto Open-Drain Pins                                                            ; On                 ; On                 ;
; Perform WYSIWYG Primitive Resynthesis                                           ; Off                ; Off                ;
; Auto ROM Replacement                                                            ; On                 ; On                 ;
; Auto RAM Replacement                                                            ; On                 ; On                 ;
; Auto DSP Block Replacement                                                      ; On                 ; On                 ;
; Auto Shift Register Replacement                                                 ; Auto               ; Auto               ;
; Allow Shift Register Merging across Hierarchies                                 ; Auto               ; Auto               ;
; Auto Clock Enable Replacement                                                   ; On                 ; On                 ;
; Strict RAM Replacement                                                          ; Off                ; Off                ;
; Allow Synchronous Control Signals                                               ; On                 ; On                 ;
; Force Use of Synchronous Clear Signals                                          ; Off                ; Off                ;
; Auto Resource Sharing                                                           ; Off                ; Off                ;
; Allow Any RAM Size For Recognition                                              ; Off                ; Off                ;
; Allow Any ROM Size For Recognition                                              ; Off                ; Off                ;
; Allow Any Shift Register Size For Recognition                                   ; Off                ; Off                ;
; Use LogicLock Constraints during Resource Balancing                             ; On                 ; On                 ;
; Ignore translate_off and synthesis_off directives                               ; Off                ; Off                ;
; Timing-Driven Synthesis                                                         ; On                 ; On                 ;
; Report Parameter Settings                                                       ; On                 ; On                 ;
; Report Source Assignments                                                       ; On                 ; On                 ;
; Report Connectivity Checks                                                      ; On                 ; On                 ;
; Ignore Maximum Fan-Out Assignments                                              ; Off                ; Off                ;
; Synchronization Register Chain Length                                           ; 3                  ; 3                  ;
; Power Optimization During Synthesis                                             ; Normal compilation ; Normal compilation ;
; HDL message level                                                               ; Level2             ; Level2             ;
; Suppress Register Optimization Related Messages                                 ; Off                ; Off                ;
; Number of Removed Registers Reported in Synthesis Report                        ; 5000               ; 5000               ;
; Number of Swept Nodes Reported in Synthesis Report                              ; 5000               ; 5000               ;
; Number of Inverted Registers Reported in Synthesis Report                       ; 100                ; 100                ;
; Clock MUX Protection                                                            ; On                 ; On                 ;
; Auto Gated Clock Conversion                                                     ; Off                ; Off                ;
; Block Design Naming                                                             ; Auto               ; Auto               ;
; SDC constraint protection                                                       ; Off                ; Off                ;
; Synthesis Effort                                                                ; Auto               ; Auto               ;
; Shift Register Replacement - Allow Asynchronous Clear Signal                    ; On                 ; On                 ;
; Pre-Mapping Resynthesis Optimization                                            ; Off                ; Off                ;
; Analysis & Synthesis Message Level                                              ; Medium             ; Medium             ;
; Disable Register Merging Across Hierarchies                                     ; Auto               ; Auto               ;
; Resource Aware Inference For Block RAM                                          ; On                 ; On                 ;
; Automatic Parallel Synthesis                                                    ; On                 ; On                 ;
; Partial Reconfiguration Bitstream ID                                            ; Off                ; Off                ;
+---------------------------------------------------------------------------------+--------------------+--------------------+


+------------------------------------------+
; Parallel Compilation                     ;
+----------------------------+-------------+
; Processors                 ; Number      ;
+----------------------------+-------------+
; Number detected on machine ; 16          ;
; Maximum allowed            ; 10          ;
;                            ;             ;
; Average used               ; 1.00        ;
; Maximum used               ; 10          ;
;                            ;             ;
; Usage by Processor         ; % Time Used ;
;     Processor 1            ; 100.0%      ;
;     Processors 2-10        ;   0.0%      ;
+----------------------------+-------------+


+---------------------------------------------------------------------------------------------------------------------------------------------------------------------------------------------------------------+
; Analysis & Synthesis Source Files Read                                                                                                                                                                        ;
+----------------------------------+-----------------+------------------------------+-----------------------------------------------------------------------------------------------------------------+---------+
; File Name with User-Entered Path ; Used in Netlist ; File Type                    ; File Name with Absolute Path                                                                                    ; Library ;
+----------------------------------+-----------------+------------------------------+-----------------------------------------------------------------------------------------------------------------+---------+
; VGA_Controller/videoGen.sv       ; yes             ; User SystemVerilog HDL File  ; C:/Users/gonza/Desktop/lab3 taller/mgonzalez_balpizar_digital_design-_lab3_2025/VGA_Controller/videoGen.sv      ;         ;
; VGA_Controller/vgaController.sv  ; yes             ; User SystemVerilog HDL File  ; C:/Users/gonza/Desktop/lab3 taller/mgonzalez_balpizar_digital_design-_lab3_2025/VGA_Controller/vgaController.sv ;         ;
; VGA_Controller/vga.sv            ; yes             ; User SystemVerilog HDL File  ; C:/Users/gonza/Desktop/lab3 taller/mgonzalez_balpizar_digital_design-_lab3_2025/VGA_Controller/vga.sv           ;         ;
; VGA_Controller/rectgen.sv        ; yes             ; User SystemVerilog HDL File  ; C:/Users/gonza/Desktop/lab3 taller/mgonzalez_balpizar_digital_design-_lab3_2025/VGA_Controller/rectgen.sv       ;         ;
; VGA_Controller/pll.sv            ; yes             ; User SystemVerilog HDL File  ; C:/Users/gonza/Desktop/lab3 taller/mgonzalez_balpizar_digital_design-_lab3_2025/VGA_Controller/pll.sv           ;         ;
; carta.sv                         ; yes             ; User SystemVerilog HDL File  ; C:/Users/gonza/Desktop/lab3 taller/mgonzalez_balpizar_digital_design-_lab3_2025/carta.sv                        ;         ;
; plus_symbol.sv                   ; yes             ; User SystemVerilog HDL File  ; C:/Users/gonza/Desktop/lab3 taller/mgonzalez_balpizar_digital_design-_lab3_2025/plus_symbol.sv                  ;         ;
; minus_symbol.sv                  ; yes             ; User SystemVerilog HDL File  ; C:/Users/gonza/Desktop/lab3 taller/mgonzalez_balpizar_digital_design-_lab3_2025/minus_symbol.sv                 ;         ;
; cros_symbol.sv                   ; yes             ; User SystemVerilog HDL File  ; C:/Users/gonza/Desktop/lab3 taller/mgonzalez_balpizar_digital_design-_lab3_2025/cros_symbol.sv                  ;         ;
+----------------------------------+-----------------+------------------------------+-----------------------------------------------------------------------------------------------------------------+---------+


+-----------------------------------------------------------------+
; Analysis & Synthesis Resource Usage Summary                     ;
+---------------------------------------------+-------------------+
; Resource                                    ; Usage             ;
+---------------------------------------------+-------------------+
; Estimate of Logic utilization (ALMs needed) ; 46                ;
;                                             ;                   ;
; Combinational ALUT usage for logic          ; 78                ;
;     -- 7 input functions                    ; 0                 ;
;     -- 6 input functions                    ; 14                ;
;     -- 5 input functions                    ; 20                ;
;     -- 4 input functions                    ; 12                ;
;     -- <=3 input functions                  ; 32                ;
;                                             ;                   ;
; Dedicated logic registers                   ; 21                ;
;                                             ;                   ;
; I/O pins                                    ; 31                ;
;                                             ;                   ;
; Total DSP Blocks                            ; 0                 ;
;                                             ;                   ;
; Maximum fan-out node                        ; pll:vgapll|toggle ;
; Maximum fan-out                             ; 22                ;
; Total fan-out                               ; 433               ;
; Average fan-out                             ; 2.69              ;
+---------------------------------------------+-------------------+


+-------------------------------------------------------------------------------------------------------------------------------------------------------------------------------------------------------------------------------------------+
; Analysis & Synthesis Resource Utilization by Entity                                                                                                                                                                                       ;
+------------------------------------+---------------------+---------------------------+-------------------+------------+------+--------------+--------------------------------------------------------------+---------------+--------------+
; Compilation Hierarchy Node         ; Combinational ALUTs ; Dedicated Logic Registers ; Block Memory Bits ; DSP Blocks ; Pins ; Virtual Pins ; Full Hierarchy Name                                          ; Entity Name   ; Library Name ;
+------------------------------------+---------------------+---------------------------+-------------------+------------+------+--------------+--------------------------------------------------------------+---------------+--------------+
; |vga                               ; 78 (0)              ; 21 (0)                    ; 0                 ; 0          ; 31   ; 0            ; |vga                                                         ; vga           ; work         ;
;    |pll:vgapll|                    ; 1 (1)               ; 1 (1)                     ; 0                 ; 0          ; 0    ; 0            ; |vga|pll:vgapll                                              ; pll           ; work         ;
;    |vgaController:vgaCont|         ; 30 (30)             ; 20 (20)                   ; 0                 ; 0          ; 0    ; 0            ; |vga|vgaController:vgaCont                                   ; vgaController ; work         ;
;    |videoGen:videoGen|             ; 47 (12)             ; 0 (0)                     ; 0                 ; 0          ; 0    ; 0            ; |vga|videoGen:videoGen                                       ; videoGen      ; work         ;
;       |carta:cartaA1|              ; 13 (0)              ; 0 (0)                     ; 0                 ; 0          ; 0    ; 0            ; |vga|videoGen:videoGen|carta:cartaA1                         ; carta         ; work         ;
;          |plus_symbol:plus_inst|   ; 11 (11)             ; 0 (0)                     ; 0                 ; 0          ; 0    ; 0            ; |vga|videoGen:videoGen|carta:cartaA1|plus_symbol:plus_inst   ; plus_symbol   ; work         ;
;          |rectgen:rect_inst|       ; 2 (2)               ; 0 (0)                     ; 0                 ; 0          ; 0    ; 0            ; |vga|videoGen:videoGen|carta:cartaA1|rectgen:rect_inst       ; rectgen       ; work         ;
;       |carta:cartaA2|              ; 8 (0)               ; 0 (0)                     ; 0                 ; 0          ; 0    ; 0            ; |vga|videoGen:videoGen|carta:cartaA2                         ; carta         ; work         ;
;          |plus_symbol:plus_inst|   ; 7 (7)               ; 0 (0)                     ; 0                 ; 0          ; 0    ; 0            ; |vga|videoGen:videoGen|carta:cartaA2|plus_symbol:plus_inst   ; plus_symbol   ; work         ;
;          |rectgen:rect_inst|       ; 1 (1)               ; 0 (0)                     ; 0                 ; 0          ; 0    ; 0            ; |vga|videoGen:videoGen|carta:cartaA2|rectgen:rect_inst       ; rectgen       ; work         ;
;       |carta:cartaB1|              ; 2 (0)               ; 0 (0)                     ; 0                 ; 0          ; 0    ; 0            ; |vga|videoGen:videoGen|carta:cartaB1                         ; carta         ; work         ;
;          |minus_symbol:minus_inst| ; 2 (2)               ; 0 (0)                     ; 0                 ; 0          ; 0    ; 0            ; |vga|videoGen:videoGen|carta:cartaB1|minus_symbol:minus_inst ; minus_symbol  ; work         ;
;       |carta:cartaB2|              ; 2 (0)               ; 0 (0)                     ; 0                 ; 0          ; 0    ; 0            ; |vga|videoGen:videoGen|carta:cartaB2                         ; carta         ; work         ;
;          |minus_symbol:minus_inst| ; 2 (2)               ; 0 (0)                     ; 0                 ; 0          ; 0    ; 0            ; |vga|videoGen:videoGen|carta:cartaB2|minus_symbol:minus_inst ; minus_symbol  ; work         ;
;       |carta:cartaC1|              ; 6 (0)               ; 0 (0)                     ; 0                 ; 0          ; 0    ; 0            ; |vga|videoGen:videoGen|carta:cartaC1                         ; carta         ; work         ;
;          |cros_symbol:cros_inst|   ; 5 (5)               ; 0 (0)                     ; 0                 ; 0          ; 0    ; 0            ; |vga|videoGen:videoGen|carta:cartaC1|cros_symbol:cros_inst   ; cros_symbol   ; work         ;
;          |rectgen:rect_inst|       ; 1 (1)               ; 0 (0)                     ; 0                 ; 0          ; 0    ; 0            ; |vga|videoGen:videoGen|carta:cartaC1|rectgen:rect_inst       ; rectgen       ; work         ;
;       |carta:cartaC2|              ; 4 (0)               ; 0 (0)                     ; 0                 ; 0          ; 0    ; 0            ; |vga|videoGen:videoGen|carta:cartaC2                         ; carta         ; work         ;
;          |cros_symbol:cros_inst|   ; 4 (4)               ; 0 (0)                     ; 0                 ; 0          ; 0    ; 0            ; |vga|videoGen:videoGen|carta:cartaC2|cros_symbol:cros_inst   ; cros_symbol   ; work         ;
+------------------------------------+---------------------+---------------------------+-------------------+------------+------+--------------+--------------------------------------------------------------+---------------+--------------+
Note: For table entries with two numbers listed, the numbers in parentheses indicate the number of resources of the given type used by the specific entity alone. The numbers listed outside of parentheses indicate the total resources of the given type used by the specific entity and all of its sub-entities in the hierarchy.


+------------------------------------------------------+
; General Register Statistics                          ;
+----------------------------------------------+-------+
; Statistic                                    ; Value ;
+----------------------------------------------+-------+
; Total registers                              ; 21    ;
; Number of registers using Synchronous Clear  ; 20    ;
; Number of registers using Synchronous Load   ; 0     ;
; Number of registers using Asynchronous Clear ; 0     ;
; Number of registers using Asynchronous Load  ; 0     ;
; Number of registers using Clock Enable       ; 10    ;
; Number of registers using Preset             ; 0     ;
+----------------------------------------------+-------+


+--------------------------------------------------------------------+
; Parameter Settings for User Entity Instance: vgaController:vgaCont ;
+----------------+------------+--------------------------------------+
; Parameter Name ; Value      ; Type                                 ;
+----------------+------------+--------------------------------------+
; HACTIVE        ; 1010000000 ; Unsigned Binary                      ;
; HFP            ; 0000010000 ; Unsigned Binary                      ;
; HSYN           ; 0001100000 ; Unsigned Binary                      ;
; HBP            ; 0000110000 ; Unsigned Binary                      ;
; HMAX           ; 1100100000 ; Unsigned Binary                      ;
; VBP            ; 0000100001 ; Unsigned Binary                      ;
; VACTIVE        ; 0111100000 ; Unsigned Binary                      ;
; VFP            ; 0000001010 ; Unsigned Binary                      ;
; VSYN           ; 0000000010 ; Unsigned Binary                      ;
; VMAX           ; 1000001101 ; Unsigned Binary                      ;
+----------------+------------+--------------------------------------+
Note: In order to hide this table in the UI and the text report file, please set the "Show Parameter Settings in Synthesis Report" option in "Analysis and Synthesis Settings -> More Settings" to "Off".


+-------------------------------------------------------------+
; Port Connectivity Checks: "videoGen:videoGen|carta:cartaC2" ;
+---------------+-------+----------+--------------------------+
; Port          ; Type  ; Severity ; Details                  ;
+---------------+-------+----------+--------------------------+
; left[7..3]    ; Input ; Info     ; Stuck at VCC             ;
; left[9..8]    ; Input ; Info     ; Stuck at GND             ;
; left[2]       ; Input ; Info     ; Stuck at GND             ;
; left[1]       ; Input ; Info     ; Stuck at VCC             ;
; left[0]       ; Input ; Info     ; Stuck at GND             ;
; right[3..2]   ; Input ; Info     ; Stuck at VCC             ;
; right[7..6]   ; Input ; Info     ; Stuck at GND             ;
; right[1..0]   ; Input ; Info     ; Stuck at GND             ;
; right[9]      ; Input ; Info     ; Stuck at GND             ;
; right[8]      ; Input ; Info     ; Stuck at VCC             ;
; right[5]      ; Input ; Info     ; Stuck at VCC             ;
; right[4]      ; Input ; Info     ; Stuck at GND             ;
; top[9..8]     ; Input ; Info     ; Stuck at GND             ;
; top[4..0]     ; Input ; Info     ; Stuck at GND             ;
; top[7]        ; Input ; Info     ; Stuck at VCC             ;
; top[6]        ; Input ; Info     ; Stuck at GND             ;
; top[5]        ; Input ; Info     ; Stuck at VCC             ;
; bot[7..5]     ; Input ; Info     ; Stuck at VCC             ;
; bot[2..1]     ; Input ; Info     ; Stuck at VCC             ;
; bot[9..8]     ; Input ; Info     ; Stuck at GND             ;
; bot[4..3]     ; Input ; Info     ; Stuck at GND             ;
; bot[0]        ; Input ; Info     ; Stuck at GND             ;
; symbol_sel[2] ; Input ; Info     ; Stuck at GND             ;
; symbol_sel[1] ; Input ; Info     ; Stuck at VCC             ;
; symbol_sel[0] ; Input ; Info     ; Stuck at GND             ;
+---------------+-------+----------+--------------------------+


+-------------------------------------------------------------+
; Port Connectivity Checks: "videoGen:videoGen|carta:cartaC1" ;
+---------------+-------+----------+--------------------------+
; Port          ; Type  ; Severity ; Details                  ;
+---------------+-------+----------+--------------------------+
; left[9..8]    ; Input ; Info     ; Stuck at GND             ;
; left[4..0]    ; Input ; Info     ; Stuck at GND             ;
; left[7]       ; Input ; Info     ; Stuck at VCC             ;
; left[6]       ; Input ; Info     ; Stuck at GND             ;
; left[5]       ; Input ; Info     ; Stuck at VCC             ;
; right[7..6]   ; Input ; Info     ; Stuck at VCC             ;
; right[9..8]   ; Input ; Info     ; Stuck at GND             ;
; right[3..2]   ; Input ; Info     ; Stuck at GND             ;
; right[5]      ; Input ; Info     ; Stuck at GND             ;
; right[4]      ; Input ; Info     ; Stuck at VCC             ;
; right[1]      ; Input ; Info     ; Stuck at VCC             ;
; right[0]      ; Input ; Info     ; Stuck at GND             ;
; top[9..8]     ; Input ; Info     ; Stuck at GND             ;
; top[4..0]     ; Input ; Info     ; Stuck at GND             ;
; top[7]        ; Input ; Info     ; Stuck at VCC             ;
; top[6]        ; Input ; Info     ; Stuck at GND             ;
; top[5]        ; Input ; Info     ; Stuck at VCC             ;
; bot[7..5]     ; Input ; Info     ; Stuck at VCC             ;
; bot[2..1]     ; Input ; Info     ; Stuck at VCC             ;
; bot[9..8]     ; Input ; Info     ; Stuck at GND             ;
; bot[4..3]     ; Input ; Info     ; Stuck at GND             ;
; bot[0]        ; Input ; Info     ; Stuck at GND             ;
; symbol_sel[2] ; Input ; Info     ; Stuck at GND             ;
; symbol_sel[1] ; Input ; Info     ; Stuck at VCC             ;
; symbol_sel[0] ; Input ; Info     ; Stuck at GND             ;
+---------------+-------+----------+--------------------------+


+-------------------------------------------------------------+
; Port Connectivity Checks: "videoGen:videoGen|carta:cartaB2" ;
+------------------+-------+----------+-----------------------+
; Port             ; Type  ; Severity ; Details               ;
+------------------+-------+----------+-----------------------+
; left[8..7]       ; Input ; Info     ; Stuck at VCC          ;
; left[3..1]       ; Input ; Info     ; Stuck at VCC          ;
; left[9]          ; Input ; Info     ; Stuck at GND          ;
; left[6]          ; Input ; Info     ; Stuck at GND          ;
; left[5]          ; Input ; Info     ; Stuck at VCC          ;
; left[4]          ; Input ; Info     ; Stuck at GND          ;
; left[0]          ; Input ; Info     ; Stuck at GND          ;
; right[8..5]      ; Input ; Info     ; Stuck at VCC          ;
; right[4..0]      ; Input ; Info     ; Stuck at GND          ;
; right[9]         ; Input ; Info     ; Stuck at GND          ;
; top[2..1]        ; Input ; Info     ; Stuck at VCC          ;
; top[9..7]        ; Input ; Info     ; Stuck at GND          ;
; top[5..3]        ; Input ; Info     ; Stuck at GND          ;
; top[6]           ; Input ; Info     ; Stuck at VCC          ;
; top[0]           ; Input ; Info     ; Stuck at GND          ;
; bot[3..2]        ; Input ; Info     ; Stuck at VCC          ;
; bot[9..8]        ; Input ; Info     ; Stuck at GND          ;
; bot[6..4]        ; Input ; Info     ; Stuck at GND          ;
; bot[1..0]        ; Input ; Info     ; Stuck at GND          ;
; bot[7]           ; Input ; Info     ; Stuck at VCC          ;
; symbol_sel[2..1] ; Input ; Info     ; Stuck at GND          ;
; symbol_sel[0]    ; Input ; Info     ; Stuck at VCC          ;
+------------------+-------+----------+-----------------------+


+-------------------------------------------------------------+
; Port Connectivity Checks: "videoGen:videoGen|carta:cartaB1" ;
+------------------+-------+----------+-----------------------+
; Port             ; Type  ; Severity ; Details               ;
+------------------+-------+----------+-----------------------+
; left[1..0]       ; Input ; Info     ; Stuck at GND          ;
; left[9]          ; Input ; Info     ; Stuck at GND          ;
; left[8]          ; Input ; Info     ; Stuck at VCC          ;
; left[7]          ; Input ; Info     ; Stuck at GND          ;
; left[6]          ; Input ; Info     ; Stuck at VCC          ;
; left[5]          ; Input ; Info     ; Stuck at GND          ;
; left[4]          ; Input ; Info     ; Stuck at VCC          ;
; left[3]          ; Input ; Info     ; Stuck at GND          ;
; left[2]          ; Input ; Info     ; Stuck at VCC          ;
; right[8..7]      ; Input ; Info     ; Stuck at VCC          ;
; right[2..1]      ; Input ; Info     ; Stuck at VCC          ;
; right[6..3]      ; Input ; Info     ; Stuck at GND          ;
; right[9]         ; Input ; Info     ; Stuck at GND          ;
; right[0]         ; Input ; Info     ; Stuck at GND          ;
; top[2..1]        ; Input ; Info     ; Stuck at VCC          ;
; top[9..7]        ; Input ; Info     ; Stuck at GND          ;
; top[5..3]        ; Input ; Info     ; Stuck at GND          ;
; top[6]           ; Input ; Info     ; Stuck at VCC          ;
; top[0]           ; Input ; Info     ; Stuck at GND          ;
; bot[3..2]        ; Input ; Info     ; Stuck at VCC          ;
; bot[9..8]        ; Input ; Info     ; Stuck at GND          ;
; bot[6..4]        ; Input ; Info     ; Stuck at GND          ;
; bot[1..0]        ; Input ; Info     ; Stuck at GND          ;
; bot[7]           ; Input ; Info     ; Stuck at VCC          ;
; symbol_sel[2..1] ; Input ; Info     ; Stuck at GND          ;
; symbol_sel[0]    ; Input ; Info     ; Stuck at VCC          ;
+------------------+-------+----------+-----------------------+


+-------------------------------------------------------------+
; Port Connectivity Checks: "videoGen:videoGen|carta:cartaA2" ;
+-------------+-------+----------+----------------------------+
; Port        ; Type  ; Severity ; Details                    ;
+-------------+-------+----------+----------------------------+
; left[7..3]  ; Input ; Info     ; Stuck at VCC               ;
; left[9..8]  ; Input ; Info     ; Stuck at GND               ;
; left[2]     ; Input ; Info     ; Stuck at GND               ;
; left[1]     ; Input ; Info     ; Stuck at VCC               ;
; left[0]     ; Input ; Info     ; Stuck at GND               ;
; right[3..2] ; Input ; Info     ; Stuck at VCC               ;
; right[7..6] ; Input ; Info     ; Stuck at GND               ;
; right[1..0] ; Input ; Info     ; Stuck at GND               ;
; right[9]    ; Input ; Info     ; Stuck at GND               ;
; right[8]    ; Input ; Info     ; Stuck at VCC               ;
; right[5]    ; Input ; Info     ; Stuck at VCC               ;
; right[4]    ; Input ; Info     ; Stuck at GND               ;
; top[2..1]   ; Input ; Info     ; Stuck at VCC               ;
; top[9..7]   ; Input ; Info     ; Stuck at GND               ;
; top[5..3]   ; Input ; Info     ; Stuck at GND               ;
; top[6]      ; Input ; Info     ; Stuck at VCC               ;
; top[0]      ; Input ; Info     ; Stuck at GND               ;
; bot[3..2]   ; Input ; Info     ; Stuck at VCC               ;
; bot[9..8]   ; Input ; Info     ; Stuck at GND               ;
; bot[6..4]   ; Input ; Info     ; Stuck at GND               ;
; bot[1..0]   ; Input ; Info     ; Stuck at GND               ;
; bot[7]      ; Input ; Info     ; Stuck at VCC               ;
; symbol_sel  ; Input ; Info     ; Stuck at GND               ;
+-------------+-------+----------+----------------------------+


+---------------------------------------------------------------------------------------------------------------------------------------------------------------------------------------------------------------------+
; Port Connectivity Checks: "videoGen:videoGen|carta:cartaA1|cros_symbol:cros_inst"                                                                                                                                   ;
+------------+-------+----------+-------------------------------------------------------------------------------------------------------------------------------------------------------------------------------------+
; Port       ; Type  ; Severity ; Details                                                                                                                                                                             ;
+------------+-------+----------+-------------------------------------------------------------------------------------------------------------------------------------------------------------------------------------+
; size       ; Input ; Warning  ; Input port expression (32 bits) is wider than the input port (10 bits) it drives.  The 22 most-significant bit(s) in the expression will be dangling if they have no other fanouts. ;
; size[4..1] ; Input ; Info     ; Stuck at VCC                                                                                                                                                                        ;
; size[9..5] ; Input ; Info     ; Stuck at GND                                                                                                                                                                        ;
; size[0]    ; Input ; Info     ; Stuck at GND                                                                                                                                                                        ;
; t          ; Input ; Warning  ; Input port expression (32 bits) is wider than the input port (10 bits) it drives.  The 22 most-significant bit(s) in the expression will be dangling if they have no other fanouts. ;
; t[9..3]    ; Input ; Info     ; Stuck at GND                                                                                                                                                                        ;
; t[1..0]    ; Input ; Info     ; Stuck at GND                                                                                                                                                                        ;
; t[2]       ; Input ; Info     ; Stuck at VCC                                                                                                                                                                        ;
+------------+-------+----------+-------------------------------------------------------------------------------------------------------------------------------------------------------------------------------------+


+---------------------------------------------------------------------------------------------------------------------------------------------------------------------------------------------------------------------+
; Port Connectivity Checks: "videoGen:videoGen|carta:cartaA1|minus_symbol:minus_inst"                                                                                                                                 ;
+------------+-------+----------+-------------------------------------------------------------------------------------------------------------------------------------------------------------------------------------+
; Port       ; Type  ; Severity ; Details                                                                                                                                                                             ;
+------------+-------+----------+-------------------------------------------------------------------------------------------------------------------------------------------------------------------------------------+
; size       ; Input ; Warning  ; Input port expression (32 bits) is wider than the input port (10 bits) it drives.  The 22 most-significant bit(s) in the expression will be dangling if they have no other fanouts. ;
; size[4..1] ; Input ; Info     ; Stuck at VCC                                                                                                                                                                        ;
; size[9..5] ; Input ; Info     ; Stuck at GND                                                                                                                                                                        ;
; size[0]    ; Input ; Info     ; Stuck at GND                                                                                                                                                                        ;
; t          ; Input ; Warning  ; Input port expression (32 bits) is wider than the input port (10 bits) it drives.  The 22 most-significant bit(s) in the expression will be dangling if they have no other fanouts. ;
; t[9..3]    ; Input ; Info     ; Stuck at GND                                                                                                                                                                        ;
; t[1..0]    ; Input ; Info     ; Stuck at GND                                                                                                                                                                        ;
; t[2]       ; Input ; Info     ; Stuck at VCC                                                                                                                                                                        ;
+------------+-------+----------+-------------------------------------------------------------------------------------------------------------------------------------------------------------------------------------+


+---------------------------------------------------------------------------------------------------------------------------------------------------------------------------------------------------------------------+
; Port Connectivity Checks: "videoGen:videoGen|carta:cartaA1|plus_symbol:plus_inst"                                                                                                                                   ;
+------------+-------+----------+-------------------------------------------------------------------------------------------------------------------------------------------------------------------------------------+
; Port       ; Type  ; Severity ; Details                                                                                                                                                                             ;
+------------+-------+----------+-------------------------------------------------------------------------------------------------------------------------------------------------------------------------------------+
; size       ; Input ; Warning  ; Input port expression (32 bits) is wider than the input port (10 bits) it drives.  The 22 most-significant bit(s) in the expression will be dangling if they have no other fanouts. ;
; size[4..1] ; Input ; Info     ; Stuck at VCC                                                                                                                                                                        ;
; size[9..5] ; Input ; Info     ; Stuck at GND                                                                                                                                                                        ;
; size[0]    ; Input ; Info     ; Stuck at GND                                                                                                                                                                        ;
; t          ; Input ; Warning  ; Input port expression (32 bits) is wider than the input port (10 bits) it drives.  The 22 most-significant bit(s) in the expression will be dangling if they have no other fanouts. ;
; t[9..3]    ; Input ; Info     ; Stuck at GND                                                                                                                                                                        ;
; t[1..0]    ; Input ; Info     ; Stuck at GND                                                                                                                                                                        ;
; t[2]       ; Input ; Info     ; Stuck at VCC                                                                                                                                                                        ;
+------------+-------+----------+-------------------------------------------------------------------------------------------------------------------------------------------------------------------------------------+


+-------------------------------------------------------------+
; Port Connectivity Checks: "videoGen:videoGen|carta:cartaA1" ;
+-------------+-------+----------+----------------------------+
; Port        ; Type  ; Severity ; Details                    ;
+-------------+-------+----------+----------------------------+
; left[9..8]  ; Input ; Info     ; Stuck at GND               ;
; left[4..0]  ; Input ; Info     ; Stuck at GND               ;
; left[7]     ; Input ; Info     ; Stuck at VCC               ;
; left[6]     ; Input ; Info     ; Stuck at GND               ;
; left[5]     ; Input ; Info     ; Stuck at VCC               ;
; right[7..6] ; Input ; Info     ; Stuck at VCC               ;
; right[9..8] ; Input ; Info     ; Stuck at GND               ;
; right[3..2] ; Input ; Info     ; Stuck at GND               ;
; right[5]    ; Input ; Info     ; Stuck at GND               ;
; right[4]    ; Input ; Info     ; Stuck at VCC               ;
; right[1]    ; Input ; Info     ; Stuck at VCC               ;
; right[0]    ; Input ; Info     ; Stuck at GND               ;
; top[2..1]   ; Input ; Info     ; Stuck at VCC               ;
; top[9..7]   ; Input ; Info     ; Stuck at GND               ;
; top[5..3]   ; Input ; Info     ; Stuck at GND               ;
; top[6]      ; Input ; Info     ; Stuck at VCC               ;
; top[0]      ; Input ; Info     ; Stuck at GND               ;
; bot[3..2]   ; Input ; Info     ; Stuck at VCC               ;
; bot[9..8]   ; Input ; Info     ; Stuck at GND               ;
; bot[6..4]   ; Input ; Info     ; Stuck at GND               ;
; bot[1..0]   ; Input ; Info     ; Stuck at GND               ;
; bot[7]      ; Input ; Info     ; Stuck at VCC               ;
; symbol_sel  ; Input ; Info     ; Stuck at GND               ;
+-------------+-------+----------+----------------------------+


+-----------------------------------------------------+
; Post-Synthesis Netlist Statistics for Top Partition ;
+-----------------------+-----------------------------+
; Type                  ; Count                       ;
+-----------------------+-----------------------------+
; arriav_ff             ; 21                          ;
;     ENA SCLR          ; 10                          ;
;     SCLR              ; 10                          ;
;     plain             ; 1                           ;
; arriav_lcell_comb     ; 79                          ;
;     arith             ; 20                          ;
;         1 data inputs ; 20                          ;
;     normal            ; 59                          ;
;         1 data inputs ; 2                           ;
;         2 data inputs ; 3                           ;
;         3 data inputs ; 8                           ;
;         4 data inputs ; 12                          ;
;         5 data inputs ; 20                          ;
;         6 data inputs ; 14                          ;
; boundary_port         ; 31                          ;
;                       ;                             ;
; Max LUT depth         ; 4.00                        ;
; Average LUT depth     ; 3.04                        ;
+-----------------------+-----------------------------+


+-------------------------------+
; Elapsed Time Per Partition    ;
+----------------+--------------+
; Partition Name ; Elapsed Time ;
+----------------+--------------+
; Top            ; 00:00:00     ;
+----------------+--------------+


+-------------------------------+
; Analysis & Synthesis Messages ;
+-------------------------------+
Info: *******************************************************************
Info: Running Quartus Prime Analysis & Synthesis
    Info: Version 20.1.1 Build 720 11/11/2020 SJ Lite Edition
    Info: Processing started: Tue Sep 30 23:37:49 2025
Info: Command: quartus_map --read_settings_files=on --write_settings_files=off Memoria -c Memoria
Warning (18236): Number of processors has not been specified which may cause overloading on shared machines.  Set the global assignment NUM_PARALLEL_PROCESSORS in your QSF to an appropriate value for best performance.
Info (20030): Parallel compilation is enabled and will use 10 of the 10 processors detected
Info (12021): Found 1 design units, including 1 entities, in source file vga_controller/videogen.sv
    Info (12023): Found entity 1: videoGen File: C:/Users/gonza/Desktop/lab3 taller/mgonzalez_balpizar_digital_design-_lab3_2025/VGA_Controller/videoGen.sv Line: 3
Info (12021): Found 1 design units, including 1 entities, in source file vga_controller/vgacontroller.sv
    Info (12023): Found entity 1: vgaController File: C:/Users/gonza/Desktop/lab3 taller/mgonzalez_balpizar_digital_design-_lab3_2025/VGA_Controller/vgaController.sv Line: 3
Info (12021): Found 1 design units, including 1 entities, in source file vga_controller/vga.sv
    Info (12023): Found entity 1: vga File: C:/Users/gonza/Desktop/lab3 taller/mgonzalez_balpizar_digital_design-_lab3_2025/VGA_Controller/vga.sv Line: 1
Info (12021): Found 1 design units, including 1 entities, in source file vga_controller/rectgen.sv
    Info (12023): Found entity 1: rectgen File: C:/Users/gonza/Desktop/lab3 taller/mgonzalez_balpizar_digital_design-_lab3_2025/VGA_Controller/rectgen.sv Line: 3
Info (12021): Found 1 design units, including 1 entities, in source file vga_controller/pll.sv
    Info (12023): Found entity 1: pll File: C:/Users/gonza/Desktop/lab3 taller/mgonzalez_balpizar_digital_design-_lab3_2025/VGA_Controller/pll.sv Line: 1
Info (12021): Found 1 design units, including 1 entities, in source file cartaa.sv
    Info (12023): Found entity 1: cartaA File: C:/Users/gonza/Desktop/lab3 taller/mgonzalez_balpizar_digital_design-_lab3_2025/cartaA.sv Line: 1
Info (12021): Found 1 design units, including 1 entities, in source file carta.sv
    Info (12023): Found entity 1: carta File: C:/Users/gonza/Desktop/lab3 taller/mgonzalez_balpizar_digital_design-_lab3_2025/carta.sv Line: 1
Info (12021): Found 1 design units, including 1 entities, in source file plus_symbol.sv
    Info (12023): Found entity 1: plus_symbol File: C:/Users/gonza/Desktop/lab3 taller/mgonzalez_balpizar_digital_design-_lab3_2025/plus_symbol.sv Line: 1
Info (12021): Found 1 design units, including 1 entities, in source file minus_symbol.sv
    Info (12023): Found entity 1: minus_symbol File: C:/Users/gonza/Desktop/lab3 taller/mgonzalez_balpizar_digital_design-_lab3_2025/minus_symbol.sv Line: 1
Info (12021): Found 1 design units, including 1 entities, in source file cros_symbol.sv
    Info (12023): Found entity 1: cros_symbol File: C:/Users/gonza/Desktop/lab3 taller/mgonzalez_balpizar_digital_design-_lab3_2025/cros_symbol.sv Line: 1
Info (12127): Elaborating entity "vga" for the top level hierarchy
Info (12128): Elaborating entity "pll" for hierarchy "pll:vgapll" File: C:/Users/gonza/Desktop/lab3 taller/mgonzalez_balpizar_digital_design-_lab3_2025/VGA_Controller/vga.sv Line: 10
Info (12128): Elaborating entity "vgaController" for hierarchy "vgaController:vgaCont" File: C:/Users/gonza/Desktop/lab3 taller/mgonzalez_balpizar_digital_design-_lab3_2025/VGA_Controller/vga.sv Line: 13
Warning (10230): Verilog HDL assignment warning at vgaController.sv(25): truncated value with size 32 to match size of target (10) File: C:/Users/gonza/Desktop/lab3 taller/mgonzalez_balpizar_digital_design-_lab3_2025/VGA_Controller/vgaController.sv Line: 25
Warning (10230): Verilog HDL assignment warning at vgaController.sv(29): truncated value with size 32 to match size of target (10) File: C:/Users/gonza/Desktop/lab3 taller/mgonzalez_balpizar_digital_design-_lab3_2025/VGA_Controller/vgaController.sv Line: 29
Info (12128): Elaborating entity "videoGen" for hierarchy "videoGen:videoGen" File: C:/Users/gonza/Desktop/lab3 taller/mgonzalez_balpizar_digital_design-_lab3_2025/VGA_Controller/vga.sv Line: 16
Warning (10036): Verilog HDL or VHDL warning at videoGen.sv(13): object "topS" assigned a value but never read File: C:/Users/gonza/Desktop/lab3 taller/mgonzalez_balpizar_digital_design-_lab3_2025/VGA_Controller/videoGen.sv Line: 13
Warning (10036): Verilog HDL or VHDL warning at videoGen.sv(14): object "botS" assigned a value but never read File: C:/Users/gonza/Desktop/lab3 taller/mgonzalez_balpizar_digital_design-_lab3_2025/VGA_Controller/videoGen.sv Line: 14
Warning (10036): Verilog HDL or VHDL warning at videoGen.sv(15): object "leftS" assigned a value but never read File: C:/Users/gonza/Desktop/lab3 taller/mgonzalez_balpizar_digital_design-_lab3_2025/VGA_Controller/videoGen.sv Line: 15
Warning (10036): Verilog HDL or VHDL warning at videoGen.sv(16): object "rightS" assigned a value but never read File: C:/Users/gonza/Desktop/lab3 taller/mgonzalez_balpizar_digital_design-_lab3_2025/VGA_Controller/videoGen.sv Line: 16
Warning (10036): Verilog HDL or VHDL warning at videoGen.sv(26): object "topF3" assigned a value but never read File: C:/Users/gonza/Desktop/lab3 taller/mgonzalez_balpizar_digital_design-_lab3_2025/VGA_Controller/videoGen.sv Line: 26
Warning (10036): Verilog HDL or VHDL warning at videoGen.sv(27): object "bottomF3" assigned a value but never read File: C:/Users/gonza/Desktop/lab3 taller/mgonzalez_balpizar_digital_design-_lab3_2025/VGA_Controller/videoGen.sv Line: 27
Warning (10036): Verilog HDL or VHDL warning at videoGen.sv(29): object "topF4" assigned a value but never read File: C:/Users/gonza/Desktop/lab3 taller/mgonzalez_balpizar_digital_design-_lab3_2025/VGA_Controller/videoGen.sv Line: 29
Warning (10036): Verilog HDL or VHDL warning at videoGen.sv(30): object "bottomF4" assigned a value but never read File: C:/Users/gonza/Desktop/lab3 taller/mgonzalez_balpizar_digital_design-_lab3_2025/VGA_Controller/videoGen.sv Line: 30
Info (12128): Elaborating entity "carta" for hierarchy "videoGen:videoGen|carta:cartaA1" File: C:/Users/gonza/Desktop/lab3 taller/mgonzalez_balpizar_digital_design-_lab3_2025/VGA_Controller/videoGen.sv Line: 52
Info (12128): Elaborating entity "rectgen" for hierarchy "videoGen:videoGen|carta:cartaA1|rectgen:rect_inst" File: C:/Users/gonza/Desktop/lab3 taller/mgonzalez_balpizar_digital_design-_lab3_2025/carta.sv Line: 22
Info (12128): Elaborating entity "plus_symbol" for hierarchy "videoGen:videoGen|carta:cartaA1|plus_symbol:plus_inst" File: C:/Users/gonza/Desktop/lab3 taller/mgonzalez_balpizar_digital_design-_lab3_2025/carta.sv Line: 31
Info (12128): Elaborating entity "minus_symbol" for hierarchy "videoGen:videoGen|carta:cartaA1|minus_symbol:minus_inst" File: C:/Users/gonza/Desktop/lab3 taller/mgonzalez_balpizar_digital_design-_lab3_2025/carta.sv Line: 39
Info (12128): Elaborating entity "cros_symbol" for hierarchy "videoGen:videoGen|carta:cartaA1|cros_symbol:cros_inst" File: C:/Users/gonza/Desktop/lab3 taller/mgonzalez_balpizar_digital_design-_lab3_2025/carta.sv Line: 47
Warning (12020): Port "size" on the entity instantiation of "cros_inst" is connected to a signal of width 32. The formal width of the signal in the module is 10.  The extra bits will be ignored. File: C:/Users/gonza/Desktop/lab3 taller/mgonzalez_balpizar_digital_design-_lab3_2025/carta.sv Line: 47
Warning (12020): Port "t" on the entity instantiation of "cros_inst" is connected to a signal of width 32. The formal width of the signal in the module is 10.  The extra bits will be ignored. File: C:/Users/gonza/Desktop/lab3 taller/mgonzalez_balpizar_digital_design-_lab3_2025/carta.sv Line: 47
Warning (12020): Port "size" on the entity instantiation of "minus_inst" is connected to a signal of width 32. The formal width of the signal in the module is 10.  The extra bits will be ignored. File: C:/Users/gonza/Desktop/lab3 taller/mgonzalez_balpizar_digital_design-_lab3_2025/carta.sv Line: 39
Warning (12020): Port "t" on the entity instantiation of "minus_inst" is connected to a signal of width 32. The formal width of the signal in the module is 10.  The extra bits will be ignored. File: C:/Users/gonza/Desktop/lab3 taller/mgonzalez_balpizar_digital_design-_lab3_2025/carta.sv Line: 39
Warning (12020): Port "size" on the entity instantiation of "plus_inst" is connected to a signal of width 32. The formal width of the signal in the module is 10.  The extra bits will be ignored. File: C:/Users/gonza/Desktop/lab3 taller/mgonzalez_balpizar_digital_design-_lab3_2025/carta.sv Line: 31
Warning (12020): Port "t" on the entity instantiation of "plus_inst" is connected to a signal of width 32. The formal width of the signal in the module is 10.  The extra bits will be ignored. File: C:/Users/gonza/Desktop/lab3 taller/mgonzalez_balpizar_digital_design-_lab3_2025/carta.sv Line: 31
Warning (12020): Port "size" on the entity instantiation of "cros_inst" is connected to a signal of width 32. The formal width of the signal in the module is 10.  The extra bits will be ignored. File: C:/Users/gonza/Desktop/lab3 taller/mgonzalez_balpizar_digital_design-_lab3_2025/carta.sv Line: 47
Warning (12020): Port "t" on the entity instantiation of "cros_inst" is connected to a signal of width 32. The formal width of the signal in the module is 10.  The extra bits will be ignored. File: C:/Users/gonza/Desktop/lab3 taller/mgonzalez_balpizar_digital_design-_lab3_2025/carta.sv Line: 47
Warning (12020): Port "size" on the entity instantiation of "minus_inst" is connected to a signal of width 32. The formal width of the signal in the module is 10.  The extra bits will be ignored. File: C:/Users/gonza/Desktop/lab3 taller/mgonzalez_balpizar_digital_design-_lab3_2025/carta.sv Line: 39
Warning (12020): Port "t" on the entity instantiation of "minus_inst" is connected to a signal of width 32. The formal width of the signal in the module is 10.  The extra bits will be ignored. File: C:/Users/gonza/Desktop/lab3 taller/mgonzalez_balpizar_digital_design-_lab3_2025/carta.sv Line: 39
Warning (12020): Port "size" on the entity instantiation of "plus_inst" is connected to a signal of width 32. The formal width of the signal in the module is 10.  The extra bits will be ignored. File: C:/Users/gonza/Desktop/lab3 taller/mgonzalez_balpizar_digital_design-_lab3_2025/carta.sv Line: 31
Warning (12020): Port "t" on the entity instantiation of "plus_inst" is connected to a signal of width 32. The formal width of the signal in the module is 10.  The extra bits will be ignored. File: C:/Users/gonza/Desktop/lab3 taller/mgonzalez_balpizar_digital_design-_lab3_2025/carta.sv Line: 31
Warning (12020): Port "size" on the entity instantiation of "cros_inst" is connected to a signal of width 32. The formal width of the signal in the module is 10.  The extra bits will be ignored. File: C:/Users/gonza/Desktop/lab3 taller/mgonzalez_balpizar_digital_design-_lab3_2025/carta.sv Line: 47
Warning (12020): Port "t" on the entity instantiation of "cros_inst" is connected to a signal of width 32. The formal width of the signal in the module is 10.  The extra bits will be ignored. File: C:/Users/gonza/Desktop/lab3 taller/mgonzalez_balpizar_digital_design-_lab3_2025/carta.sv Line: 47
Warning (12020): Port "size" on the entity instantiation of "minus_inst" is connected to a signal of width 32. The formal width of the signal in the module is 10.  The extra bits will be ignored. File: C:/Users/gonza/Desktop/lab3 taller/mgonzalez_balpizar_digital_design-_lab3_2025/carta.sv Line: 39
Warning (12020): Port "t" on the entity instantiation of "minus_inst" is connected to a signal of width 32. The formal width of the signal in the module is 10.  The extra bits will be ignored. File: C:/Users/gonza/Desktop/lab3 taller/mgonzalez_balpizar_digital_design-_lab3_2025/carta.sv Line: 39
Warning (12020): Port "size" on the entity instantiation of "plus_inst" is connected to a signal of width 32. The formal width of the signal in the module is 10.  The extra bits will be ignored. File: C:/Users/gonza/Desktop/lab3 taller/mgonzalez_balpizar_digital_design-_lab3_2025/carta.sv Line: 31
Warning (12020): Port "t" on the entity instantiation of "plus_inst" is connected to a signal of width 32. The formal width of the signal in the module is 10.  The extra bits will be ignored. File: C:/Users/gonza/Desktop/lab3 taller/mgonzalez_balpizar_digital_design-_lab3_2025/carta.sv Line: 31
Warning (12020): Port "size" on the entity instantiation of "cros_inst" is connected to a signal of width 32. The formal width of the signal in the module is 10.  The extra bits will be ignored. File: C:/Users/gonza/Desktop/lab3 taller/mgonzalez_balpizar_digital_design-_lab3_2025/carta.sv Line: 47
Warning (12020): Port "t" on the entity instantiation of "cros_inst" is connected to a signal of width 32. The formal width of the signal in the module is 10.  The extra bits will be ignored. File: C:/Users/gonza/Desktop/lab3 taller/mgonzalez_balpizar_digital_design-_lab3_2025/carta.sv Line: 47
Warning (12020): Port "size" on the entity instantiation of "minus_inst" is connected to a signal of width 32. The formal width of the signal in the module is 10.  The extra bits will be ignored. File: C:/Users/gonza/Desktop/lab3 taller/mgonzalez_balpizar_digital_design-_lab3_2025/carta.sv Line: 39
Warning (12020): Port "t" on the entity instantiation of "minus_inst" is connected to a signal of width 32. The formal width of the signal in the module is 10.  The extra bits will be ignored. File: C:/Users/gonza/Desktop/lab3 taller/mgonzalez_balpizar_digital_design-_lab3_2025/carta.sv Line: 39
Warning (12020): Port "size" on the entity instantiation of "plus_inst" is connected to a signal of width 32. The formal width of the signal in the module is 10.  The extra bits will be ignored. File: C:/Users/gonza/Desktop/lab3 taller/mgonzalez_balpizar_digital_design-_lab3_2025/carta.sv Line: 31
Warning (12020): Port "t" on the entity instantiation of "plus_inst" is connected to a signal of width 32. The formal width of the signal in the module is 10.  The extra bits will be ignored. File: C:/Users/gonza/Desktop/lab3 taller/mgonzalez_balpizar_digital_design-_lab3_2025/carta.sv Line: 31
Warning (12020): Port "size" on the entity instantiation of "cros_inst" is connected to a signal of width 32. The formal width of the signal in the module is 10.  The extra bits will be ignored. File: C:/Users/gonza/Desktop/lab3 taller/mgonzalez_balpizar_digital_design-_lab3_2025/carta.sv Line: 47
Warning (12020): Port "t" on the entity instantiation of "cros_inst" is connected to a signal of width 32. The formal width of the signal in the module is 10.  The extra bits will be ignored. File: C:/Users/gonza/Desktop/lab3 taller/mgonzalez_balpizar_digital_design-_lab3_2025/carta.sv Line: 47
Warning (12020): Port "size" on the entity instantiation of "minus_inst" is connected to a signal of width 32. The formal width of the signal in the module is 10.  The extra bits will be ignored. File: C:/Users/gonza/Desktop/lab3 taller/mgonzalez_balpizar_digital_design-_lab3_2025/carta.sv Line: 39
Warning (12020): Port "t" on the entity instantiation of "minus_inst" is connected to a signal of width 32. The formal width of the signal in the module is 10.  The extra bits will be ignored. File: C:/Users/gonza/Desktop/lab3 taller/mgonzalez_balpizar_digital_design-_lab3_2025/carta.sv Line: 39
Warning (12020): Port "size" on the entity instantiation of "plus_inst" is connected to a signal of width 32. The formal width of the signal in the module is 10.  The extra bits will be ignored. File: C:/Users/gonza/Desktop/lab3 taller/mgonzalez_balpizar_digital_design-_lab3_2025/carta.sv Line: 31
Warning (12020): Port "t" on the entity instantiation of "plus_inst" is connected to a signal of width 32. The formal width of the signal in the module is 10.  The extra bits will be ignored. File: C:/Users/gonza/Desktop/lab3 taller/mgonzalez_balpizar_digital_design-_lab3_2025/carta.sv Line: 31
Warning (12241): 3 hierarchies have connectivity warnings - see the Connectivity Checks report folder
Info (286030): Timing-Driven Synthesis is running
Info (16010): Generating hard_block partition "hard_block:auto_generated_inst"
    Info (16011): Adding 0 node(s), including 0 DDIO, 0 PLL, 0 transceiver and 0 LCELL
Warning (21074): Design contains 1 input pin(s) that do not drive logic
    Warning (15610): No output dependent on input pin "nxt" File: C:/Users/gonza/Desktop/lab3 taller/mgonzalez_balpizar_digital_design-_lab3_2025/VGA_Controller/vga.sv Line: 1
Info (21057): Implemented 109 device resources after synthesis - the final resource count might be different
    Info (21058): Implemented 2 input pins
    Info (21059): Implemented 29 output pins
    Info (21061): Implemented 78 logic cells
Info: Quartus Prime Analysis & Synthesis was successful. 0 errors, 44 warnings
    Info: Peak virtual memory: 4879 megabytes
    Info: Processing ended: Tue Sep 30 23:37:57 2025
    Info: Elapsed time: 00:00:08
    Info: Total CPU time (on all processors): 00:00:19


